2020-05-05 18:16:38,784 [Worker-5: Loading available Gradle versions] INFO  o.e.b.c.i.u.g.PublishedGradleVersions - Gradle version information cache is up-to-date. Trying to read.
2020-05-06 15:27:12,413 [Worker-0: Loading available Gradle versions] INFO  o.e.b.c.i.u.g.PublishedGradleVersions - Gradle version information cache is up-to-date. Trying to read.
2020-05-06 15:27:56,912 [Worker-11: Building workspace] INFO  o.e.m.c.i.l.LifecycleMappingFactory - Using org.maven.ide.eclipse.wtp.WarLifecycleMapping lifecycle mapping for MavenProject: com.Appointment_Management_Client:Appointment_Management_Client:0.0.1-SNAPSHOT @ F:\PAF-Client-Individual\PAF-healthcare-Client-Individual\Payment_Management_Client\pom.xml.
2020-05-06 15:27:56,913 [Worker-1: Updating Maven Dependencies] INFO  o.e.m.c.i.l.LifecycleMappingFactory - Using org.maven.ide.eclipse.wtp.WarLifecycleMapping lifecycle mapping for MavenProject: com.Appointment_Management_Client:Appointment_Management_Client:0.0.1-SNAPSHOT @ F:\PAF-Client-Individual\PAF-healthcare-Client-Individual\Payment_Management_Client\pom.xml.
2020-05-06 15:27:59,930 [Worker-11: Building workspace] WARN  o.e.m.c.i.embedder.EclipseLogger - Using platform encoding (Cp1252 actually) to copy filtered resources, i.e. build is platform dependent!
2020-05-06 15:27:59,931 [Worker-11: Building workspace] INFO  o.e.m.c.i.embedder.EclipseLogger - skip non existing resourceDirectory F:\PAF-Client-Individual\PAF-healthcare-Client-Individual\Payment_Management_Client\src\main\resources
2020-05-06 15:27:59,933 [Worker-11: Building workspace] WARN  o.e.m.c.i.embedder.EclipseLogger - Using platform encoding (Cp1252 actually) to copy filtered resources, i.e. build is platform dependent!
2020-05-06 15:27:59,934 [Worker-11: Building workspace] INFO  o.e.m.c.i.embedder.EclipseLogger - skip non existing resourceDirectory F:\PAF-Client-Individual\PAF-healthcare-Client-Individual\Payment_Management_Client\src\test\resources
2020-05-06 15:28:02,446 [Worker-2: Updating Maven Dependencies] INFO  o.e.m.c.i.l.LifecycleMappingFactory - Using org.maven.ide.eclipse.wtp.WarLifecycleMapping lifecycle mapping for MavenProject: com.Appointment_Management_Client:Appointment_Management_Client:0.0.1-SNAPSHOT @ F:\PAF-Client-Individual\PAF-healthcare-Client-Individual\Payment_Management_Client\pom.xml.
2020-05-06 15:28:20,614 [Worker-2: Building workspace] WARN  o.e.m.c.i.embedder.EclipseLogger - Using platform encoding (Cp1252 actually) to copy filtered resources, i.e. build is platform dependent!
2020-05-06 15:28:20,616 [Worker-2: Building workspace] INFO  o.e.m.c.i.embedder.EclipseLogger - skip non existing resourceDirectory F:\PAF-Client-Individual\PAF-healthcare-Client-Individual\Payment_Management_Client\src\main\resources
2020-05-06 15:28:20,618 [Worker-2: Building workspace] WARN  o.e.m.c.i.embedder.EclipseLogger - Using platform encoding (Cp1252 actually) to copy filtered resources, i.e. build is platform dependent!
2020-05-06 15:28:20,620 [Worker-2: Building workspace] INFO  o.e.m.c.i.embedder.EclipseLogger - skip non existing resourceDirectory F:\PAF-Client-Individual\PAF-healthcare-Client-Individual\Payment_Management_Client\src\test\resources
2020-05-06 15:28:48,798 [Worker-8: Building workspace] WARN  o.e.m.c.i.embedder.EclipseLogger - Using platform encoding (Cp1252 actually) to copy filtered resources, i.e. build is platform dependent!
2020-05-06 15:28:48,800 [Worker-8: Building workspace] INFO  o.e.m.c.i.embedder.EclipseLogger - skip non existing resourceDirectory F:\PAF-Client-Individual\PAF-healthcare-Client-Individual\Payment_Management_Client\src\main\resources
2020-05-06 15:28:48,803 [Worker-8: Building workspace] WARN  o.e.m.c.i.embedder.EclipseLogger - Using platform encoding (Cp1252 actually) to copy filtered resources, i.e. build is platform dependent!
2020-05-06 15:28:48,805 [Worker-8: Building workspace] INFO  o.e.m.c.i.embedder.EclipseLogger - skip non existing resourceDirectory F:\PAF-Client-Individual\PAF-healthcare-Client-Individual\Payment_Management_Client\src\test\resources
2020-05-06 15:28:49,937 [Worker-1: Building workspace] WARN  o.e.m.c.i.embedder.EclipseLogger - Using platform encoding (Cp1252 actually) to copy filtered resources, i.e. build is platform dependent!
2020-05-06 15:28:49,939 [Worker-1: Building workspace] INFO  o.e.m.c.i.embedder.EclipseLogger - skip non existing resourceDirectory F:\PAF-Client-Individual\PAF-healthcare-Client-Individual\Payment_Management_Client\src\main\resources
2020-05-06 15:28:49,940 [Worker-1: Building workspace] WARN  o.e.m.c.i.embedder.EclipseLogger - Using platform encoding (Cp1252 actually) to copy filtered resources, i.e. build is platform dependent!
2020-05-06 15:28:49,941 [Worker-1: Building workspace] INFO  o.e.m.c.i.embedder.EclipseLogger - skip non existing resourceDirectory F:\PAF-Client-Individual\PAF-healthcare-Client-Individual\Payment_Management_Client\src\test\resources
2020-05-06 15:30:12,746 [Worker-5: Loading available Gradle versions] INFO  o.e.b.c.i.u.g.PublishedGradleVersions - Gradle version information cache is up-to-date. Trying to read.
2020-05-06 15:31:03,407 [Worker-1: Loading available Gradle versions] INFO  o.e.b.c.i.u.g.PublishedGradleVersions - Gradle version information cache is up-to-date. Trying to read.
